<html>
<head>
<title>TestNG:  Delete Lead Test [Chrome] 3</title>
<link href="../testng.css" rel="stylesheet" type="text/css" />
<link href="../my-testng.css" rel="stylesheet" type="text/css" />

<style type="text/css">
.log { display: none;} 
.stack-trace { display: none;} 
</style>
<script type="text/javascript">
<!--
function flip(e) {
  current = e.style.display;
  if (current == 'block') {
    e.style.display = 'none';
    return 0;
  }
  else {
    e.style.display = 'block';
    return 1;
  }
}

function toggleBox(szDivId, elem, msg1, msg2)
{
  var res = -1;  if (document.getElementById) {
    res = flip(document.getElementById(szDivId));
  }
  else if (document.all) {
    // this is the way old msie versions work
    res = flip(document.all[szDivId]);
  }
  if(elem) {
    if(res == 0) elem.innerHTML = msg1; else elem.innerHTML = msg2;
  }

}

function toggleAllBoxes() {
  if (document.getElementsByTagName) {
    d = document.getElementsByTagName('div');
    for (i = 0; i < d.length; i++) {
      if (d[i].className == 'log') {
        flip(d[i]);
      }
    }
  }
}

// -->
</script>

</head>
<body>
<h2 align='center'>Delete Lead Test [Chrome] 3</h2><table border='1' align="center">
<tr>
<td>Tests passed/Failed/Skipped:</td><td>2/0/0</td>
</tr><tr>
<td>Started on:</td><td>Tue May 04 20:36:57 IST 2021</td>
</tr>
<tr><td>Total time:</td><td>5 seconds (5435 ms)</td>
</tr><tr>
<td>Included groups:</td><td></td>
</tr><tr>
<td>Excluded groups:</td><td></td>
</tr>
</table><p/>
<small><i>(Hover the method name to see the test class name)</i></small><p/>
<table width='100%' border='1' class='invocation-passed'>
<tr><td colspan='4' align='center'><b>PASSED TESTS</b></td></tr>
<tr><td><b>Test method</b></td>
<td width="30%"><b>Exception</b></td>
<td width="10%"><b>Time (seconds)</b></td>
<td><b>Instance</b></td>
</tr>
<tr>
<td title='com.zoho.testcases.Leads.createLead()'><b>createLead</b><br>Test class: com.zoho.testcases.Leads<br>Parameters: org.testng.TestRunner@52f69131</td>
<td></td>
<td>0</td>
<td>com.zoho.testcases.Leads@3c52b73b</td></tr>
<tr>
<td title='com.zoho.testcases.Leads.createLead()'><b>createLead</b><br>Test class: com.zoho.testcases.Leads<br>Parameters: org.testng.TestRunner@5992fdeb</td>
<td></td>
<td>0</td>
<td>com.zoho.testcases.Leads@6a3f7457</td></tr>
<tr>
<td title='com.zoho.testcases.Leads.createLead()'><b>createLead</b><br>Test class: com.zoho.testcases.Leads<br>Parameters: org.testng.TestRunner@5123a80e</td>
<td></td>
<td>0</td>
<td>com.zoho.testcases.Leads@475bd870</td></tr>
<tr>
<td title='com.zoho.testcases.Session.doLogin()'><b>doLogin</b><br>Test class: com.zoho.testcases.Session<br>Parameters: org.testng.TestRunner@52f69131</td>
<td></td>
<td>0</td>
<td>com.zoho.testcases.Session@4fff709b</td></tr>
<tr>
<td title='com.zoho.testcases.Session.doLogout()'><b>doLogout</b><br>Test class: com.zoho.testcases.Session<br>Parameters: org.testng.TestRunner@52f69131</td>
<td></td>
<td>0</td>
<td>com.zoho.testcases.Session@4fff709b</td></tr>
<tr>
<td title='com.zoho.testcases.TopMenu.gotoTopMenuLink()'><b>gotoTopMenuLink</b><br>Test class: com.zoho.testcases.TopMenu<br>Parameters: org.testng.TestRunner@52f69131</td>
<td></td>
<td>0</td>
<td>com.zoho.testcases.TopMenu@32b859be</td></tr>
<tr>
<td title='com.zoho.testcases.TopMenu.validateLinks()'><b>validateLinks</b><br>Test class: com.zoho.testcases.TopMenu<br>Parameters: org.testng.TestRunner@52f69131</td>
<td></td>
<td>0</td>
<td>com.zoho.testcases.TopMenu@32b859be</td></tr>
<tr>
<td title='com.zoho.testcases.Leads.verifyLeadCreation()'><b>verifyLeadCreation</b><br>Test class: com.zoho.testcases.Leads<br>Parameters: org.testng.TestRunner@52f69131</td>
<td></td>
<td>0</td>
<td>com.zoho.testcases.Leads@3c52b73b</td></tr>
<tr>
<td title='com.zoho.testcases.Leads.verifyLeadCreation()'><b>verifyLeadCreation</b><br>Test class: com.zoho.testcases.Leads<br>Parameters: org.testng.TestRunner@5992fdeb</td>
<td></td>
<td>0</td>
<td>com.zoho.testcases.Leads@6a3f7457</td></tr>
<tr>
<td title='com.zoho.testcases.Leads.verifyLeadCreation()'><b>verifyLeadCreation</b><br>Test class: com.zoho.testcases.Leads<br>Parameters: org.testng.TestRunner@5123a80e</td>
<td></td>
<td>0</td>
<td>com.zoho.testcases.Leads@475bd870</td></tr>
</table><p>
<table width='100%' border='1' class='invocation-skipped'>
<tr><td colspan='4' align='center'><b>SKIPPED TESTS</b></td></tr>
<tr><td><b>Test method</b></td>
<td width="30%"><b>Exception</b></td>
<td width="10%"><b>Time (seconds)</b></td>
<td><b>Instance</b></td>
</tr>
<tr>
<td title='com.zoho.testcases.Leads.createLead()'><b>createLead</b><br>Test class: com.zoho.testcases.Leads</td>
<td><div><pre>org.testng.SkipException: Skipping the test case
	at com.zoho.testcases.Base.beforeTest(Base.java:118)
	at com.zoho.runner.TestNGRunner.run(TestNGRunner.java:86)
	at com.zoho.runner.Runner.run(Runner.java:101)
	at com.zoho.runner.Runner.main(Runner.java:112)
	at org.codehaus.mojo.exec.ExecJavaMojo$1.run(ExecJavaMojo.java:254)
	at java.base/java.lang.Thread.run(Thread.java:834)
... Removed 21 stack frames</pre></div><a href='#' onClick='toggleBox("stack-trace476889001", this, "Click to show all stack frames", "Click to hide stack frames")'>Click to show all stack frames</a>
<div class='stack-trace' id='stack-trace476889001'><pre>org.testng.SkipException: Skipping the test case
	at com.zoho.testcases.Base.beforeTest(Base.java:118)
	at java.base/jdk.internal.reflect.NativeMethodAccessorImpl.invoke0(Native Method)
	at java.base/jdk.internal.reflect.NativeMethodAccessorImpl.invoke(NativeMethodAccessorImpl.java:62)
	at java.base/jdk.internal.reflect.DelegatingMethodAccessorImpl.invoke(DelegatingMethodAccessorImpl.java:43)
	at java.base/java.lang.reflect.Method.invoke(Method.java:566)
	at org.testng.internal.MethodInvocationHelper.invokeMethod(MethodInvocationHelper.java:133)
	at org.testng.internal.MethodInvocationHelper.invokeMethodConsideringTimeout(MethodInvocationHelper.java:62)
	at org.testng.internal.ConfigInvoker.invokeConfigurationMethod(ConfigInvoker.java:340)
	at org.testng.internal.ConfigInvoker.invokeConfigurations(ConfigInvoker.java:294)
	at org.testng.TestRunner.invokeTestConfigurations(TestRunner.java:623)
	at org.testng.TestRunner.beforeRun(TestRunner.java:613)
	at org.testng.TestRunner.run(TestRunner.java:584)
	at org.testng.SuiteRunner.runTest(SuiteRunner.java:402)
	at org.testng.SuiteRunner.runSequentially(SuiteRunner.java:396)
	at org.testng.SuiteRunner.privateRun(SuiteRunner.java:355)
	at org.testng.SuiteRunner.run(SuiteRunner.java:304)
	at org.testng.SuiteRunnerWorker.runSuite(SuiteRunnerWorker.java:53)
	at org.testng.SuiteRunnerWorker.run(SuiteRunnerWorker.java:96)
	at org.testng.TestNG.runSuitesSequentially(TestNG.java:1180)
	at org.testng.TestNG.runSuitesLocally(TestNG.java:1102)
	at org.testng.TestNG.runSuites(TestNG.java:1032)
	at org.testng.TestNG.run(TestNG.java:1000)
	at com.zoho.runner.TestNGRunner.run(TestNGRunner.java:86)
	at com.zoho.runner.Runner.run(Runner.java:101)
	at com.zoho.runner.Runner.main(Runner.java:112)
	at org.codehaus.mojo.exec.ExecJavaMojo$1.run(ExecJavaMojo.java:254)
	at java.base/java.lang.Thread.run(Thread.java:834)
</pre></div></td>
<td>0</td>
<td>com.zoho.testcases.Leads@49436701</td></tr>
<tr>
<td title='com.zoho.testcases.Leads.createLead()'><b>createLead</b><br>Test class: com.zoho.testcases.Leads</td>
<td><div><pre>org.testng.SkipException: Skipping the test case
	at com.zoho.testcases.Base.beforeTest(Base.java:118)
	at com.zoho.runner.TestNGRunner.run(TestNGRunner.java:86)
	at com.zoho.runner.Runner.run(Runner.java:101)
	at com.zoho.runner.Runner.main(Runner.java:112)
	at org.codehaus.mojo.exec.ExecJavaMojo$1.run(ExecJavaMojo.java:254)
	at java.base/java.lang.Thread.run(Thread.java:834)
... Removed 21 stack frames</pre></div><a href='#' onClick='toggleBox("stack-trace282167089", this, "Click to show all stack frames", "Click to hide stack frames")'>Click to show all stack frames</a>
<div class='stack-trace' id='stack-trace282167089'><pre>org.testng.SkipException: Skipping the test case
	at com.zoho.testcases.Base.beforeTest(Base.java:118)
	at java.base/jdk.internal.reflect.NativeMethodAccessorImpl.invoke0(Native Method)
	at java.base/jdk.internal.reflect.NativeMethodAccessorImpl.invoke(NativeMethodAccessorImpl.java:62)
	at java.base/jdk.internal.reflect.DelegatingMethodAccessorImpl.invoke(DelegatingMethodAccessorImpl.java:43)
	at java.base/java.lang.reflect.Method.invoke(Method.java:566)
	at org.testng.internal.MethodInvocationHelper.invokeMethod(MethodInvocationHelper.java:133)
	at org.testng.internal.MethodInvocationHelper.invokeMethodConsideringTimeout(MethodInvocationHelper.java:62)
	at org.testng.internal.ConfigInvoker.invokeConfigurationMethod(ConfigInvoker.java:340)
	at org.testng.internal.ConfigInvoker.invokeConfigurations(ConfigInvoker.java:294)
	at org.testng.TestRunner.invokeTestConfigurations(TestRunner.java:623)
	at org.testng.TestRunner.beforeRun(TestRunner.java:613)
	at org.testng.TestRunner.run(TestRunner.java:584)
	at org.testng.SuiteRunner.runTest(SuiteRunner.java:402)
	at org.testng.SuiteRunner.runSequentially(SuiteRunner.java:396)
	at org.testng.SuiteRunner.privateRun(SuiteRunner.java:355)
	at org.testng.SuiteRunner.run(SuiteRunner.java:304)
	at org.testng.SuiteRunnerWorker.runSuite(SuiteRunnerWorker.java:53)
	at org.testng.SuiteRunnerWorker.run(SuiteRunnerWorker.java:96)
	at org.testng.TestNG.runSuitesSequentially(TestNG.java:1180)
	at org.testng.TestNG.runSuitesLocally(TestNG.java:1102)
	at org.testng.TestNG.runSuites(TestNG.java:1032)
	at org.testng.TestNG.run(TestNG.java:1000)
	at com.zoho.runner.TestNGRunner.run(TestNGRunner.java:86)
	at com.zoho.runner.Runner.run(Runner.java:101)
	at com.zoho.runner.Runner.main(Runner.java:112)
	at org.codehaus.mojo.exec.ExecJavaMojo$1.run(ExecJavaMojo.java:254)
	at java.base/java.lang.Thread.run(Thread.java:834)
</pre></div></td>
<td>0</td>
<td>com.zoho.testcases.Leads@4701dafe</td></tr>
<tr>
<td title='com.zoho.testcases.Session.doLogin()'><b>doLogin</b><br>Test class: com.zoho.testcases.Session</td>
<td><div><pre>org.testng.SkipException: Skipping the test case
	at com.zoho.testcases.Base.beforeTest(Base.java:118)
	at com.zoho.runner.TestNGRunner.run(TestNGRunner.java:86)
	at com.zoho.runner.Runner.run(Runner.java:101)
	at com.zoho.runner.Runner.main(Runner.java:112)
	at org.codehaus.mojo.exec.ExecJavaMojo$1.run(ExecJavaMojo.java:254)
	at java.base/java.lang.Thread.run(Thread.java:834)
... Removed 21 stack frames</pre></div><a href='#' onClick='toggleBox("stack-trace1304178309", this, "Click to show all stack frames", "Click to hide stack frames")'>Click to show all stack frames</a>
<div class='stack-trace' id='stack-trace1304178309'><pre>org.testng.SkipException: Skipping the test case
	at com.zoho.testcases.Base.beforeTest(Base.java:118)
	at java.base/jdk.internal.reflect.NativeMethodAccessorImpl.invoke0(Native Method)
	at java.base/jdk.internal.reflect.NativeMethodAccessorImpl.invoke(NativeMethodAccessorImpl.java:62)
	at java.base/jdk.internal.reflect.DelegatingMethodAccessorImpl.invoke(DelegatingMethodAccessorImpl.java:43)
	at java.base/java.lang.reflect.Method.invoke(Method.java:566)
	at org.testng.internal.MethodInvocationHelper.invokeMethod(MethodInvocationHelper.java:133)
	at org.testng.internal.MethodInvocationHelper.invokeMethodConsideringTimeout(MethodInvocationHelper.java:62)
	at org.testng.internal.ConfigInvoker.invokeConfigurationMethod(ConfigInvoker.java:340)
	at org.testng.internal.ConfigInvoker.invokeConfigurations(ConfigInvoker.java:294)
	at org.testng.TestRunner.invokeTestConfigurations(TestRunner.java:623)
	at org.testng.TestRunner.beforeRun(TestRunner.java:613)
	at org.testng.TestRunner.run(TestRunner.java:584)
	at org.testng.SuiteRunner.runTest(SuiteRunner.java:402)
	at org.testng.SuiteRunner.runSequentially(SuiteRunner.java:396)
	at org.testng.SuiteRunner.privateRun(SuiteRunner.java:355)
	at org.testng.SuiteRunner.run(SuiteRunner.java:304)
	at org.testng.SuiteRunnerWorker.runSuite(SuiteRunnerWorker.java:53)
	at org.testng.SuiteRunnerWorker.run(SuiteRunnerWorker.java:96)
	at org.testng.TestNG.runSuitesSequentially(TestNG.java:1180)
	at org.testng.TestNG.runSuitesLocally(TestNG.java:1102)
	at org.testng.TestNG.runSuites(TestNG.java:1032)
	at org.testng.TestNG.run(TestNG.java:1000)
	at com.zoho.runner.TestNGRunner.run(TestNGRunner.java:86)
	at com.zoho.runner.Runner.run(Runner.java:101)
	at com.zoho.runner.Runner.main(Runner.java:112)
	at org.codehaus.mojo.exec.ExecJavaMojo$1.run(ExecJavaMojo.java:254)
	at java.base/java.lang.Thread.run(Thread.java:834)
</pre></div></td>
<td>0</td>
<td>com.zoho.testcases.Session@41a5b117</td></tr>
<tr>
<td title='com.zoho.testcases.Session.doLogout()'><b>doLogout</b><br>Test class: com.zoho.testcases.Session</td>
<td><div><pre>org.testng.SkipException: Skipping the test case
	at com.zoho.testcases.Base.beforeTest(Base.java:118)
	at com.zoho.runner.TestNGRunner.run(TestNGRunner.java:86)
	at com.zoho.runner.Runner.run(Runner.java:101)
	at com.zoho.runner.Runner.main(Runner.java:112)
	at org.codehaus.mojo.exec.ExecJavaMojo$1.run(ExecJavaMojo.java:254)
	at java.base/java.lang.Thread.run(Thread.java:834)
... Removed 21 stack frames</pre></div><a href='#' onClick='toggleBox("stack-trace194530598", this, "Click to show all stack frames", "Click to hide stack frames")'>Click to show all stack frames</a>
<div class='stack-trace' id='stack-trace194530598'><pre>org.testng.SkipException: Skipping the test case
	at com.zoho.testcases.Base.beforeTest(Base.java:118)
	at java.base/jdk.internal.reflect.NativeMethodAccessorImpl.invoke0(Native Method)
	at java.base/jdk.internal.reflect.NativeMethodAccessorImpl.invoke(NativeMethodAccessorImpl.java:62)
	at java.base/jdk.internal.reflect.DelegatingMethodAccessorImpl.invoke(DelegatingMethodAccessorImpl.java:43)
	at java.base/java.lang.reflect.Method.invoke(Method.java:566)
	at org.testng.internal.MethodInvocationHelper.invokeMethod(MethodInvocationHelper.java:133)
	at org.testng.internal.MethodInvocationHelper.invokeMethodConsideringTimeout(MethodInvocationHelper.java:62)
	at org.testng.internal.ConfigInvoker.invokeConfigurationMethod(ConfigInvoker.java:340)
	at org.testng.internal.ConfigInvoker.invokeConfigurations(ConfigInvoker.java:294)
	at org.testng.TestRunner.invokeTestConfigurations(TestRunner.java:623)
	at org.testng.TestRunner.beforeRun(TestRunner.java:613)
	at org.testng.TestRunner.run(TestRunner.java:584)
	at org.testng.SuiteRunner.runTest(SuiteRunner.java:402)
	at org.testng.SuiteRunner.runSequentially(SuiteRunner.java:396)
	at org.testng.SuiteRunner.privateRun(SuiteRunner.java:355)
	at org.testng.SuiteRunner.run(SuiteRunner.java:304)
	at org.testng.SuiteRunnerWorker.runSuite(SuiteRunnerWorker.java:53)
	at org.testng.SuiteRunnerWorker.run(SuiteRunnerWorker.java:96)
	at org.testng.TestNG.runSuitesSequentially(TestNG.java:1180)
	at org.testng.TestNG.runSuitesLocally(TestNG.java:1102)
	at org.testng.TestNG.runSuites(TestNG.java:1032)
	at org.testng.TestNG.run(TestNG.java:1000)
	at com.zoho.runner.TestNGRunner.run(TestNGRunner.java:86)
	at com.zoho.runner.Runner.run(Runner.java:101)
	at com.zoho.runner.Runner.main(Runner.java:112)
	at org.codehaus.mojo.exec.ExecJavaMojo$1.run(ExecJavaMojo.java:254)
	at java.base/java.lang.Thread.run(Thread.java:834)
</pre></div></td>
<td>0</td>
<td>com.zoho.testcases.Session@41a5b117</td></tr>
<tr>
<td title='com.zoho.testcases.TopMenu.gotoTopMenuLink()'><b>gotoTopMenuLink</b><br>Test class: com.zoho.testcases.TopMenu</td>
<td><div><pre>org.testng.SkipException: Skipping the test case
	at com.zoho.testcases.Base.beforeTest(Base.java:118)
	at com.zoho.runner.TestNGRunner.run(TestNGRunner.java:86)
	at com.zoho.runner.Runner.run(Runner.java:101)
	at com.zoho.runner.Runner.main(Runner.java:112)
	at org.codehaus.mojo.exec.ExecJavaMojo$1.run(ExecJavaMojo.java:254)
	at java.base/java.lang.Thread.run(Thread.java:834)
... Removed 21 stack frames</pre></div><a href='#' onClick='toggleBox("stack-trace1376662327", this, "Click to show all stack frames", "Click to hide stack frames")'>Click to show all stack frames</a>
<div class='stack-trace' id='stack-trace1376662327'><pre>org.testng.SkipException: Skipping the test case
	at com.zoho.testcases.Base.beforeTest(Base.java:118)
	at java.base/jdk.internal.reflect.NativeMethodAccessorImpl.invoke0(Native Method)
	at java.base/jdk.internal.reflect.NativeMethodAccessorImpl.invoke(NativeMethodAccessorImpl.java:62)
	at java.base/jdk.internal.reflect.DelegatingMethodAccessorImpl.invoke(DelegatingMethodAccessorImpl.java:43)
	at java.base/java.lang.reflect.Method.invoke(Method.java:566)
	at org.testng.internal.MethodInvocationHelper.invokeMethod(MethodInvocationHelper.java:133)
	at org.testng.internal.MethodInvocationHelper.invokeMethodConsideringTimeout(MethodInvocationHelper.java:62)
	at org.testng.internal.ConfigInvoker.invokeConfigurationMethod(ConfigInvoker.java:340)
	at org.testng.internal.ConfigInvoker.invokeConfigurations(ConfigInvoker.java:294)
	at org.testng.TestRunner.invokeTestConfigurations(TestRunner.java:623)
	at org.testng.TestRunner.beforeRun(TestRunner.java:613)
	at org.testng.TestRunner.run(TestRunner.java:584)
	at org.testng.SuiteRunner.runTest(SuiteRunner.java:402)
	at org.testng.SuiteRunner.runSequentially(SuiteRunner.java:396)
	at org.testng.SuiteRunner.privateRun(SuiteRunner.java:355)
	at org.testng.SuiteRunner.run(SuiteRunner.java:304)
	at org.testng.SuiteRunnerWorker.runSuite(SuiteRunnerWorker.java:53)
	at org.testng.SuiteRunnerWorker.run(SuiteRunnerWorker.java:96)
	at org.testng.TestNG.runSuitesSequentially(TestNG.java:1180)
	at org.testng.TestNG.runSuitesLocally(TestNG.java:1102)
	at org.testng.TestNG.runSuites(TestNG.java:1032)
	at org.testng.TestNG.run(TestNG.java:1000)
	at com.zoho.runner.TestNGRunner.run(TestNGRunner.java:86)
	at com.zoho.runner.Runner.run(Runner.java:101)
	at com.zoho.runner.Runner.main(Runner.java:112)
	at org.codehaus.mojo.exec.ExecJavaMojo$1.run(ExecJavaMojo.java:254)
	at java.base/java.lang.Thread.run(Thread.java:834)
</pre></div></td>
<td>0</td>
<td>com.zoho.testcases.TopMenu@78ea0ab0</td></tr>
<tr>
<td title='com.zoho.testcases.TopMenu.validateLinks()'><b>validateLinks</b><br>Test class: com.zoho.testcases.TopMenu</td>
<td><div><pre>org.testng.SkipException: Skipping the test case
	at com.zoho.testcases.Base.beforeTest(Base.java:118)
	at com.zoho.runner.TestNGRunner.run(TestNGRunner.java:86)
	at com.zoho.runner.Runner.run(Runner.java:101)
	at com.zoho.runner.Runner.main(Runner.java:112)
	at org.codehaus.mojo.exec.ExecJavaMojo$1.run(ExecJavaMojo.java:254)
	at java.base/java.lang.Thread.run(Thread.java:834)
... Removed 21 stack frames</pre></div><a href='#' onClick='toggleBox("stack-trace120869003", this, "Click to show all stack frames", "Click to hide stack frames")'>Click to show all stack frames</a>
<div class='stack-trace' id='stack-trace120869003'><pre>org.testng.SkipException: Skipping the test case
	at com.zoho.testcases.Base.beforeTest(Base.java:118)
	at java.base/jdk.internal.reflect.NativeMethodAccessorImpl.invoke0(Native Method)
	at java.base/jdk.internal.reflect.NativeMethodAccessorImpl.invoke(NativeMethodAccessorImpl.java:62)
	at java.base/jdk.internal.reflect.DelegatingMethodAccessorImpl.invoke(DelegatingMethodAccessorImpl.java:43)
	at java.base/java.lang.reflect.Method.invoke(Method.java:566)
	at org.testng.internal.MethodInvocationHelper.invokeMethod(MethodInvocationHelper.java:133)
	at org.testng.internal.MethodInvocationHelper.invokeMethodConsideringTimeout(MethodInvocationHelper.java:62)
	at org.testng.internal.ConfigInvoker.invokeConfigurationMethod(ConfigInvoker.java:340)
	at org.testng.internal.ConfigInvoker.invokeConfigurations(ConfigInvoker.java:294)
	at org.testng.TestRunner.invokeTestConfigurations(TestRunner.java:623)
	at org.testng.TestRunner.beforeRun(TestRunner.java:613)
	at org.testng.TestRunner.run(TestRunner.java:584)
	at org.testng.SuiteRunner.runTest(SuiteRunner.java:402)
	at org.testng.SuiteRunner.runSequentially(SuiteRunner.java:396)
	at org.testng.SuiteRunner.privateRun(SuiteRunner.java:355)
	at org.testng.SuiteRunner.run(SuiteRunner.java:304)
	at org.testng.SuiteRunnerWorker.runSuite(SuiteRunnerWorker.java:53)
	at org.testng.SuiteRunnerWorker.run(SuiteRunnerWorker.java:96)
	at org.testng.TestNG.runSuitesSequentially(TestNG.java:1180)
	at org.testng.TestNG.runSuitesLocally(TestNG.java:1102)
	at org.testng.TestNG.runSuites(TestNG.java:1032)
	at org.testng.TestNG.run(TestNG.java:1000)
	at com.zoho.runner.TestNGRunner.run(TestNGRunner.java:86)
	at com.zoho.runner.Runner.run(Runner.java:101)
	at com.zoho.runner.Runner.main(Runner.java:112)
	at org.codehaus.mojo.exec.ExecJavaMojo$1.run(ExecJavaMojo.java:254)
	at java.base/java.lang.Thread.run(Thread.java:834)
</pre></div></td>
<td>0</td>
<td>com.zoho.testcases.TopMenu@78ea0ab0</td></tr>
<tr>
<td title='com.zoho.testcases.Leads.verifyLeadCreation()'><b>verifyLeadCreation</b><br>Test class: com.zoho.testcases.Leads</td>
<td><div><pre>org.testng.SkipException: Skipping the test case
	at com.zoho.testcases.Base.beforeTest(Base.java:118)
	at com.zoho.runner.TestNGRunner.run(TestNGRunner.java:86)
	at com.zoho.runner.Runner.run(Runner.java:101)
	at com.zoho.runner.Runner.main(Runner.java:112)
	at org.codehaus.mojo.exec.ExecJavaMojo$1.run(ExecJavaMojo.java:254)
	at java.base/java.lang.Thread.run(Thread.java:834)
... Removed 21 stack frames</pre></div><a href='#' onClick='toggleBox("stack-trace1667644406", this, "Click to show all stack frames", "Click to hide stack frames")'>Click to show all stack frames</a>
<div class='stack-trace' id='stack-trace1667644406'><pre>org.testng.SkipException: Skipping the test case
	at com.zoho.testcases.Base.beforeTest(Base.java:118)
	at java.base/jdk.internal.reflect.NativeMethodAccessorImpl.invoke0(Native Method)
	at java.base/jdk.internal.reflect.NativeMethodAccessorImpl.invoke(NativeMethodAccessorImpl.java:62)
	at java.base/jdk.internal.reflect.DelegatingMethodAccessorImpl.invoke(DelegatingMethodAccessorImpl.java:43)
	at java.base/java.lang.reflect.Method.invoke(Method.java:566)
	at org.testng.internal.MethodInvocationHelper.invokeMethod(MethodInvocationHelper.java:133)
	at org.testng.internal.MethodInvocationHelper.invokeMethodConsideringTimeout(MethodInvocationHelper.java:62)
	at org.testng.internal.ConfigInvoker.invokeConfigurationMethod(ConfigInvoker.java:340)
	at org.testng.internal.ConfigInvoker.invokeConfigurations(ConfigInvoker.java:294)
	at org.testng.TestRunner.invokeTestConfigurations(TestRunner.java:623)
	at org.testng.TestRunner.beforeRun(TestRunner.java:613)
	at org.testng.TestRunner.run(TestRunner.java:584)
	at org.testng.SuiteRunner.runTest(SuiteRunner.java:402)
	at org.testng.SuiteRunner.runSequentially(SuiteRunner.java:396)
	at org.testng.SuiteRunner.privateRun(SuiteRunner.java:355)
	at org.testng.SuiteRunner.run(SuiteRunner.java:304)
	at org.testng.SuiteRunnerWorker.runSuite(SuiteRunnerWorker.java:53)
	at org.testng.SuiteRunnerWorker.run(SuiteRunnerWorker.java:96)
	at org.testng.TestNG.runSuitesSequentially(TestNG.java:1180)
	at org.testng.TestNG.runSuitesLocally(TestNG.java:1102)
	at org.testng.TestNG.runSuites(TestNG.java:1032)
	at org.testng.TestNG.run(TestNG.java:1000)
	at com.zoho.runner.TestNGRunner.run(TestNGRunner.java:86)
	at com.zoho.runner.Runner.run(Runner.java:101)
	at com.zoho.runner.Runner.main(Runner.java:112)
	at org.codehaus.mojo.exec.ExecJavaMojo$1.run(ExecJavaMojo.java:254)
	at java.base/java.lang.Thread.run(Thread.java:834)
</pre></div></td>
<td>0</td>
<td>com.zoho.testcases.Leads@49436701</td></tr>
<tr>
<td title='com.zoho.testcases.Leads.verifyLeadCreation()'><b>verifyLeadCreation</b><br>Test class: com.zoho.testcases.Leads</td>
<td><div><pre>org.testng.SkipException: Skipping the test case
	at com.zoho.testcases.Base.beforeTest(Base.java:118)
	at com.zoho.runner.TestNGRunner.run(TestNGRunner.java:86)
	at com.zoho.runner.Runner.run(Runner.java:101)
	at com.zoho.runner.Runner.main(Runner.java:112)
	at org.codehaus.mojo.exec.ExecJavaMojo$1.run(ExecJavaMojo.java:254)
	at java.base/java.lang.Thread.run(Thread.java:834)
... Removed 21 stack frames</pre></div><a href='#' onClick='toggleBox("stack-trace1760685106", this, "Click to show all stack frames", "Click to hide stack frames")'>Click to show all stack frames</a>
<div class='stack-trace' id='stack-trace1760685106'><pre>org.testng.SkipException: Skipping the test case
	at com.zoho.testcases.Base.beforeTest(Base.java:118)
	at java.base/jdk.internal.reflect.NativeMethodAccessorImpl.invoke0(Native Method)
	at java.base/jdk.internal.reflect.NativeMethodAccessorImpl.invoke(NativeMethodAccessorImpl.java:62)
	at java.base/jdk.internal.reflect.DelegatingMethodAccessorImpl.invoke(DelegatingMethodAccessorImpl.java:43)
	at java.base/java.lang.reflect.Method.invoke(Method.java:566)
	at org.testng.internal.MethodInvocationHelper.invokeMethod(MethodInvocationHelper.java:133)
	at org.testng.internal.MethodInvocationHelper.invokeMethodConsideringTimeout(MethodInvocationHelper.java:62)
	at org.testng.internal.ConfigInvoker.invokeConfigurationMethod(ConfigInvoker.java:340)
	at org.testng.internal.ConfigInvoker.invokeConfigurations(ConfigInvoker.java:294)
	at org.testng.TestRunner.invokeTestConfigurations(TestRunner.java:623)
	at org.testng.TestRunner.beforeRun(TestRunner.java:613)
	at org.testng.TestRunner.run(TestRunner.java:584)
	at org.testng.SuiteRunner.runTest(SuiteRunner.java:402)
	at org.testng.SuiteRunner.runSequentially(SuiteRunner.java:396)
	at org.testng.SuiteRunner.privateRun(SuiteRunner.java:355)
	at org.testng.SuiteRunner.run(SuiteRunner.java:304)
	at org.testng.SuiteRunnerWorker.runSuite(SuiteRunnerWorker.java:53)
	at org.testng.SuiteRunnerWorker.run(SuiteRunnerWorker.java:96)
	at org.testng.TestNG.runSuitesSequentially(TestNG.java:1180)
	at org.testng.TestNG.runSuitesLocally(TestNG.java:1102)
	at org.testng.TestNG.runSuites(TestNG.java:1032)
	at org.testng.TestNG.run(TestNG.java:1000)
	at com.zoho.runner.TestNGRunner.run(TestNGRunner.java:86)
	at com.zoho.runner.Runner.run(Runner.java:101)
	at com.zoho.runner.Runner.main(Runner.java:112)
	at org.codehaus.mojo.exec.ExecJavaMojo$1.run(ExecJavaMojo.java:254)
	at java.base/java.lang.Thread.run(Thread.java:834)
</pre></div></td>
<td>0</td>
<td>com.zoho.testcases.Leads@4701dafe</td></tr>
</table><p>
</body>
</html>